# JRE version: Java(TM) SE Runtime Environment (11.0.2+9) (build 11.0.2+9-LTS)
# Java VM: Java HotSpot(TM) 64-Bit Server VM (11.0.2+9-LTS, mixed mode, tiered, compressed oops, g1 gc, windows-amd64)
Heap:
 garbage-first heap   total 129024K, used 50836K [0x0000000082e00000, 0x0000000100000000)
  region size 1024K, 38 young (38912K), 8 survivors (8192K)
 Metaspace       used 40264K, capacity 41024K, committed 41264K, reserved 1085440K
  class space    used 4410K, capacity 4683K, committed 4736K, reserved 1048576K
GC Heap History (10 events):
Event: 6.353 GC heap before
{Heap before GC invocations=1 (full 0):
 garbage-first heap   total 129024K, used 50174K [0x0000000082e00000, 0x0000000100000000)
  region size 1024K, 49 young (50176K), 3 survivors (3072K)
 Metaspace       used 20862K, capacity 21198K, committed 21296K, reserved 1069056K
  class space    used 2248K, capacity 2389K, committed 2432K, reserved 1048576K
}
Event: 6.379 GC heap after
{Heap after GC invocations=2 (full 0):
 garbage-first heap   total 129024K, used 6841K [0x0000000082e00000, 0x0000000100000000)
  region size 1024K, 6 young (6144K), 6 survivors (6144K)
 Metaspace       used 20862K, capacity 21198K, committed 21296K, reserved 1069056K
  class space    used 2248K, capacity 2389K, committed 2432K, reserved 1048576K
}
Event: 8.120 GC heap before
{Heap before GC invocations=3 (full 0):
 garbage-first heap   total 129024K, used 27321K [0x0000000082e00000, 0x0000000100000000)
  region size 1024K, 26 young (26624K), 6 survivors (6144K)
 Metaspace       used 23952K, capacity 24405K, committed 24496K, reserved 1071104K
  class space    used 2591K, capacity 2775K, committed 2816K, reserved 1048576K
}
Event: 8.151 GC heap after
{Heap after GC invocations=4 (full 0):
 garbage-first heap   total 129024K, used 8615K [0x0000000082e00000, 0x0000000100000000)
  region size 1024K, 2 young (2048K), 2 survivors (2048K)
 Metaspace       used 23952K, capacity 24405K, committed 24496K, reserved 1071104K
  class space    used 2591K, capacity 2775K, committed 2816K, reserved 1048576K
}
Event: 12.434 GC heap before
{Heap before GC invocations=4 (full 0):
 garbage-first heap   total 129024K, used 65959K [0x0000000082e00000, 0x0000000100000000)
  region size 1024K, 58 young (59392K), 2 survivors (2048K)
 Metaspace       used 29387K, capacity 29863K, committed 30000K, reserved 1075200K
  class space    used 3206K, capacity 3396K, committed 3456K, reserved 1048576K
}
Event: 12.455 GC heap after
{Heap after GC invocations=5 (full 0):
 garbage-first heap   total 129024K, used 12711K [0x0000000082e00000, 0x0000000100000000)
  region size 1024K, 6 young (6144K), 6 survivors (6144K)
 Metaspace       used 29387K, capacity 29863K, committed 30000K, reserved 1075200K
  class space    used 3206K, capacity 3396K, committed 3456K, reserved 1048576K
}
Event: 16.476 GC heap before
{Heap before GC invocations=5 (full 0):
 garbage-first heap   total 129024K, used 38311K [0x0000000082e00000, 0x0000000100000000)
  region size 1024K, 32 young (32768K), 6 survivors (6144K)
 Metaspace       used 35263K, capacity 35805K, committed 35888K, reserved 1081344K
  class space    used 3930K, capacity 4147K, committed 4224K, reserved 1048576K
}
Event: 16.497 GC heap after
{Heap after GC invocations=6 (full 0):
 garbage-first heap   total 129024K, used 14994K [0x0000000082e00000, 0x0000000100000000)
  region size 1024K, 7 young (7168K), 7 survivors (7168K)
 Metaspace       used 35263K, capacity 35805K, committed 35888K, reserved 1081344K
  class space    used 3930K, capacity 4147K, committed 4224K, reserved 1048576K
}
Event: 22.034 GC heap before
{Heap before GC invocations=7 (full 0):
 garbage-first heap   total 129024K, used 71314K [0x0000000082e00000, 0x0000000100000000)
  region size 1024K, 62 young (63488K), 7 survivors (7168K)
 Metaspace       used 39470K, capacity 40181K, committed 40496K, reserved 1085440K
  class space    used 4351K, capacity 4640K, committed 4736K, reserved 1048576K
}
Event: 22.072 GC heap after
{Heap after GC invocations=8 (full 0):
 garbage-first heap   total 129024K, used 21140K [0x0000000082e00000, 0x0000000100000000)
  region size 1024K, 8 young (8192K), 8 survivors (8192K)
 Metaspace       used 39470K, capacity 40181K, committed 40496K, reserved 1085440K
  class space    used 4351K, capacity 4640K, committed 4736K, reserved 1048576K
}

