# JRE version: Java(TM) SE Runtime Environment (11.0.2+9) (build 11.0.2+9-LTS)
# Java VM: Java HotSpot(TM) 64-Bit Server VM (11.0.2+9-LTS, mixed mode, tiered, compressed oops, g1 gc, windows-amd64)
Heap:
 garbage-first heap   total 129024K, used 31637K [0x0000000082e00000, 0x0000000100000000)
  region size 1024K, 26 young (26624K), 4 survivors (4096K)
 Metaspace       used 28238K, capacity 28566K, committed 28848K, reserved 1075200K
  class space    used 3101K, capacity 3220K, committed 3328K, reserved 1048576K
GC Heap History (6 events):
Event: 4.783 GC heap before
{Heap before GC invocations=0 (full 0):
 garbage-first heap   total 129024K, used 24575K [0x0000000082e00000, 0x0000000100000000)
  region size 1024K, 24 young (24576K), 0 survivors (0K)
 Metaspace       used 13715K, capacity 14030K, committed 14336K, reserved 1062912K
  class space    used 1386K, capacity 1465K, committed 1536K, reserved 1048576K
}
Event: 4.796 GC heap after
{Heap after GC invocations=1 (full 0):
 garbage-first heap   total 129024K, used 4085K [0x0000000082e00000, 0x0000000100000000)
  region size 1024K, 3 young (3072K), 3 survivors (3072K)
 Metaspace       used 13715K, capacity 14030K, committed 14336K, reserved 1062912K
  class space    used 1386K, capacity 1465K, committed 1536K, reserved 1048576K
}
Event: 6.787 GC heap before
{Heap before GC invocations=1 (full 0):
 garbage-first heap   total 129024K, used 48117K [0x0000000082e00000, 0x0000000100000000)
  region size 1024K, 47 young (48128K), 3 survivors (3072K)
 Metaspace       used 20822K, capacity 21192K, committed 21296K, reserved 1069056K
  class space    used 2246K, capacity 2387K, committed 2432K, reserved 1048576K
}
Event: 6.816 GC heap after
{Heap after GC invocations=2 (full 0):
 garbage-first heap   total 129024K, used 6789K [0x0000000082e00000, 0x0000000100000000)
  region size 1024K, 6 young (6144K), 6 survivors (6144K)
 Metaspace       used 20822K, capacity 21192K, committed 21296K, reserved 1069056K
  class space    used 2246K, capacity 2387K, committed 2432K, reserved 1048576K
}
Event: 8.701 GC heap before
{Heap before GC invocations=3 (full 0):
 garbage-first heap   total 129024K, used 31365K [0x0000000082e00000, 0x0000000100000000)
  region size 1024K, 30 young (30720K), 6 survivors (6144K)
 Metaspace       used 27603K, capacity 28010K, committed 28208K, reserved 1075200K
  class space    used 3058K, capacity 3184K, committed 3200K, reserved 1048576K
}
Event: 8.739 GC heap after
{Heap after GC invocations=4 (full 0):
 garbage-first heap   total 129024K, used 10133K [0x0000000082e00000, 0x0000000100000000)
  region size 1024K, 4 young (4096K), 4 survivors (4096K)
 Metaspace       used 27603K, capacity 28010K, committed 28208K, reserved 1075200K
  class space    used 3058K, capacity 3184K, committed 3200K, reserved 1048576K
}

